[2023-05-28 14:41:07](228.0 49.9 229.0 49.9 0000 0778 014 401 55.00 023 100 0026 2279 154.0 55.00 00000 00010110 00 00 02279 010
[2023-05-28 14:41:10](228.0 49.9 229.0 49.9 0000 0778 014 401 55.10 024 100 0026 2279 154.0 55.10 00000 00010110 00 00 02279 010
[2023-05-28 14:41:15](228.0 49.9 229.0 49.9 0000 0778 014 401 55.10 024 100 0026 2279 154.0 55.10 00000 00010110 00 00 02279 010
[2023-05-28 14:41:19](228.0 49.9 230.0 49.9 0000 0805 014 401 55.10 024 100 0026 2279 154.0 55.10 00000 00010110 00 00 02279 010
[2023-05-28 14:41:22](228.0 49.9 229.0 49.9 0000 0778 014 401 55.10 024 100 0026 0557 551.0 55.10 00000 00010000 00 00 00557 010
[2023-05-28 14:41:26](229.0 49.9 229.0 49.9 0000 0778 014 401 55.10 025 100 0026 2279 154.0 55.10 00000 00010110 00 00 02279 010
[2023-05-28 14:41:29](229.0 49.9 229.0 49.9 0000 0778 014 401 55.10 025 100 0026 2279 154.0 55.10 00000 00010110 00 00 02279 010
[2023-05-28 14:41:33](229.0 49.9 230.0 49.9 0000 0782 014 401 55.10 025 100 0026 2279 154.0 55.10 00000 00010110 00 00 02279 010
[2023-05-28 14:41:16](229.0 49.9 229.0 49.9 0000 0801 014 401 55.10 025 100 0026 4873 229.0 55.10 00000 00010101 00 00 04873 010
[2023-05-28 14:41:19](229.0 49.9 230.0 49.9 0000 0229 014 401 27.50 026 100 0026 3225 584.0 27.50 00000 00010000 00 00 03225 010
[2023-05-28 14:41:23](229.0 49.9 229.0 49.9 0000 0778 014 401 55.00 026 100 0026 3251 142.0 55.00 00000 00010110 00 00 03251 010
[2023-05-28 14:41:26](229.0 49.9 230.0 49.9 0000 0782 014 401 55.00 026 100 0026 2279 154.0 55.00 00000 00010110 00 00 02279 010
[2023-05-28 14:41:30](229.0 49.9 229.0 49.9 0000 0778 014 401 55.00 026 100 0026 2279 154.0 55.00 00000 00010110 00 00 02279 010
[2023-05-28 14:41:33](229.0 49.9 229.0 49.9 0000 0801 014 401 55.00 026 100 0026 2279 154.0 55.00 00000 00010110 00 00 02279 010
[2023-05-28 14:41:37](229.0 49.9 229.0 49.9 0000 0778 014 401 55.00 027 100 0026 2263 154.0 55.00 00000 00010101 00 00 02263 010
[2023-05-28 14:41:40](229.0 49.9 230.0 49.9 0000 0782 014 401 55.00 026 100 0026 2263 154.0 55.00 00000 00010110 00 00 02263 010
[2023-05-28 14:41:44](229.0 49.9 229.0 49.9 0000 0801 014 401 55.00 026 100 0026 2279 154.0 55.00 00000 00010110 00 00 02279 010
[2023-05-28 14:41:47](229.0 49.9 229.0 49.9 0000 0778 014 401 55.00 027 100 0026 2279 154.0 55.00 00000 00010110 00 00 02279 010
[2023-05-28 14:41:51](229.0 49.9 229.0 49.9 0000 0778 014 401 55.00 026 100 0026 2279 154.0 55.00 00000 00010110 00 00 02279 010
[2023-05-28 14:41:56](229.0 49.9 229.0 49.9 0000 0778 014 401 55.00 026 100 0026 2279 154.0 55.00 00000 00010110 00 00 02279 010
[2023-05-28 14:42:00](229.0 49.9 230.0 49.9 0000 0782 014 401 55.00 026 100 0026 2263 154.0 55.00 00000 00010110 00 00 02263 010
[2023-05-28 14:42:03](229.0 49.9 229.0 49.9 0000 0778 014 401 55.00 026 100 0026 2263 154.0 55.00 00000 00010110 00 00 02263 010
[2023-05-28 14:42:07](229.0 49.9 229.0 49.9 0000 0801 014 401 55.00 026 100 0026 2263 154.0 55.00 00000 00010110 00 00 02263 010
[2023-05-28 14:42:11](229.0 49.9 229.0 49.9 0000 0778 014 401 55.00 026 100 0026 2279 154.0 55.00 00000 00010110 00 00 02279 010
[2023-05-28 14:42:14](229.0 49.9 230.0 49.9 0000 0782 014 401 55.00 027 100 0026 2279 154.0 55.00 00000 00010110 00 00 02279 010
[2023-05-28 14:42:18](229.0 49.9 229.0 49.9 0000 0778 014 401 55.00 027 100 0026 2263 154.0 55.00 00000 00010110 00 00 02263 010
[2023-05-28 14:42:21](229.0 49.9 229.0 49.9 0000 0778 014 401 55.00 027 100 0026 2263 154.0 55.00 00000 00010110 00 00 02263 010
[2023-05-28 14:42:25](229.0 49.9 230.0 49.9 0000 0782 014 401 27.50 027 100 0026 1475 271.0 27.50 00000 00010110 00 00 01475 010
[2023-05-28 14:42:28](229.0 49.9 229.0 49.9 0000 0778 014 401 55.00 027 100 0026 2263 154.0 55.00 00000 00010110 00 00 02263 010
[2023-05-28 14:42:32](229.0 49.9 229.0 49.9 0000 0801 014 401 55.00 026 100 0026 2263 154.0 55.00 00000 00010110 00 00 02263 010
[2023-05-28 14:42:35](229.0 49.9 229.0 49.9 0000 6352 014 401 55.00 026 100 0026 1176 222.0 55.00 00000 00010000 00 00 01176 010
[2023-05-28 14:42:39](229.0 49.9 228.0 49.9 0000 0775 014 401 55.00 026 100 0026 2263 154.0 55.00 00000 00010110 00 00 02263 010
[2023-05-28 14:42:42](229.0 49.9 229.0 49.9 0000 0778 014 401 55.00 026 100 0026 2263 154.0 55.00 00000 00010110 00 00 02263 010
[2023-05-28 14:42:46](229.0 49.9 229.0 49.9 0000 0801 014 401 55.00 026 100 0026 2263 154.0 55.00 00000 00010110 00 00 02263 010
[2023-05-28 14:42:49](228.0 49.9 230.0 49.9 0000 0782 014 401 55.00 026 100 0026 2263 154.0 55.00 00000 00010110 00 00 02263 010
[2023-05-28 14:42:53](228.0 49.9 229.0 49.9 0000 0778 014 401 55.00 027 100 0026 2263 154.0 55.00 00000 00010110 00 00 02263 010
[2023-05-28 14:42:56](228.0 49.9 230.0 49.9 0000 0805 014 401 55.00 026 100 0026 2263 154.0 55.00 00000 00010101 00 00 02263 010
[2023-05-28 14:42:59](228.0 49.9 229.0 49.9 0000 0801 014 401 55.00 026 100 0026 2263 154.0 55.00 00000 00010110 00 00 02263 010
[2023-05-28 14:43:03](228.0 49.9 230.0 49.9 0000 0805 014 401 55.00 026 100 0026 2263 154.0 55.00 00000 00010110 00 00 02263 010
[2023-05-28 14:43:06](228.0 49.9 229.0 49.9 0000 0778 014 401 55.00 026 100 0026 2263 154.0 55.00 00000 00010110 00 00 02263 010
[2023-05-28 14:43:10](228.0 49.9 229.0 49.9 0000 0801 014 401 55.00 026 100 0026 2263 154.0 55.00 00000 00010101 00 00 02263 010
