[2023-05-28 14:40:50](230.0 20.0 230.0 50.0 20.0 5600 5600 48.0 47.0 46.0 57.0 57.0 2 60 06P 1 0 1 6 01 0 0 52.0 0 1
[2023-05-28 14:40:52](230.0 20.0 230.0 50.0 20.0 3600 3600 24.0 00.0 13.0 38.9 00.0 2 60 06P 1 0 1 6 01 0 0 52.0 0 1
[2023-05-28 14:41:08](230.0 20.0 230.0 50.0 20.0 5600 5600 48.0 47.0 46.0 57.0 57.0 2 60 06P 1 0 1 6 01 0 0 52.0 0 1
[2023-05-28 14:41:09](230.0 20.0 230.0 50.0 20.0 5600 5600 48.0 47.0 46.0 57.0 57.0 2 60 06P 1 0 1 6 01 0 0 52.0 0 1
[2023-05-28 14:41:09](230.0 20.0 230.0 50.0 20.0 5600 5600 48.0 47.0 46.0 57.0 57.0 2 60 06P 1 0 1 6 01 0 0 52.0 0 1
[2023-05-28 14:41:16](230.0 20.0 230.0 50.0 20.0 5600 5600 48.0 47.0 46.0 57.0 57.0 2 60 06P 1 0 1 6 01 0 0 52.0 0 1
[2023-05-28 14:41:17](230.0 20.0 230.0 50.0 20.0 5600 5600 48.0 47.0 46.0 57.0 57.0 2 60 06P 1 0 1 6 01 0 0 52.0 0 1
[2023-05-28 14:41:23](230.0 20.0 230.0 50.0 20.0 5600 5600 48.0 47.0 46.0 57.0 57.0 2 60 06P 1 0 1 6 01 0 0 52.0 0 1
[2023-05-28 14:41:24](230.0 20.0 230.0 50.0 20.0 5600 5600 48.0 47.0 46.0 57.0 57.0 2 60 06P 1 0 1 6 01 0 0 52.0 0 1
[2023-05-28 14:41:30](230.0 20.0 230.0 50.0 20.0 5600 5600 48.0 47.0 46.0 57.0 57.0 2 60 06P 1 0 1 6 01 0 0 52.0 0 1
[2023-05-28 14:41:31](230.0 20.0 230.0 50.0 20.0 5600 5600 48.0 47.0 46.0 57.0 57.0 2 60 06P 1 0 1 6 01 0 0 52.0 0 1
[2023-05-28 14:41:17](230.0 20.0 230.0 50.0 20.0 5600 5600 48.0 47.0 46.0 57.0 57.0 2 60 06P 1 0 1 6 01 0 0 52.0 0 1
[2023-05-28 14:41:18](230.0 20.0 230.0 50.0 20.0 5600 5600 48.0 47.0 46.0 57.0 57.0 2 60 06P 1 0 1 6 01 0 0 52.0 0 1
[2023-05-28 14:41:24](230.0 20.0 230.0 50.0 20.0 5600 5600 48.0 47.0 46.0 57.0 57.0 2 60 06P 1 0 1 6 01 0 0 52.0 0 1
[2023-05-28 14:41:25](230.0 20.0 230.0 50.0 20.0 5600 5600 48.0 47.0 46.0 57.0 57.0 2 60 06P 1 0 1 6 01 0 0 52.0 0 1
[2023-05-28 14:41:31](230.0 20.0 230.0 50.0 20.0 5600 5600 48.0 47.0 46.0 57.0 57.0 2 60 06P 1 0 1 6 01 0 0 52.0 0 1
[2023-05-28 14:41:32](230.0 20.0 230.0 50.0 20.0 5600 5600 48.0 47.0 46.0 57.0 57.0 2 60 06P 1 0 1 6 01 0 0 52.0 0 1
[2023-05-28 14:41:38](230.0 20.0 230.0 50.0 20.0 5600 5600 48.0 47.0 46.0 57.0 57.0 2 60 06P 1 0 1 6 01 0 0 52.0 0 1
[2023-05-28 14:41:39](230.0 20.0 230.0 50.0 20.0 5600 5600 48.0 47.0 46.0 57.0 57.0 2 60 06P 1 0 1 6 01 0 0 52.0 0 1
[2023-05-28 14:41:45](230.0 20.0 230.0 50.0 20.0 5600 5600 48.0 47.0 46.0 57.0 57.0 2 60 06P 1 0 1 6 01 0 0 52.0 0 1
[2023-05-28 14:41:46](230.0 20.0 230.0 50.0 20.0 5600 5600 48.0 47.0 46.0 57.0 57.0 2 60 06P 1 0 1 6 01 0 0 52.0 0 1
[2023-05-28 14:41:53](230.0 20.0 230.0 50.0 20.0 3600 3600 48.0 47.0 46.0 57.0 57.0 2 60 06P 1 0 1 6 01 0 0 52.0 0 1
[2023-05-28 14:41:54](230.0 20.0 230.0 50.0 20.0 5600 5600 48.0 47.0 46.0 57.0 57.0 2 60 06P 1 0 1 6 01 0 0 52.0 0 1
[2023-05-28 14:42:00](230.0 20.0 230.0 50.0 20.0 5600 5600 48.0 47.0 46.0 57.0 57.0 2 60 06P 1 0 1 6 01 0 0 52.0 0 1
[2023-05-28 14:42:02](230.0 20.0 230.0 50.0 20.0 5600 5600 48.0 47.0 46.0 57.0 57.0 2 60 06P 1 0 1 6 01 0 0 52.0 0 1
[2023-05-28 14:42:07](230.0 20.0 230.0 50.0 20.0 5600 5600 48.0 47.0 46.0 57.0 57.0 2 60 06P 1 0 1 6 01 0 0 52.0 0 1
[2023-05-28 14:42:09](230.0 20.0 230.0 50.0 20.0 5600 5600 48.0 47.0 46.0 57.0 57.0 2 60 06P 1 0 1 6 01 0 0 52.0 0 1
[2023-05-28 14:42:15](230.0 20.0 230.0 50.0 20.0 5600 5600 48.0 47.0 46.0 57.0 57.0 2 60 06P 1 0 1 6 01 0 0 52.0 0 1
[2023-05-28 14:42:16](230.0 20.0 230.0 50.0 20.0 5600 5600 48.0 47.0 46.0 57.0 57.0 2 60 06P 1 0 1 6 01 0 0 52.0 0 1
[2023-05-28 14:42:22](230.0 20.0 230.0 50.0 20.0 5600 5600 48.0 47.0 46.0 57.0 57.0 2 60 06P 1 0 1 6 01 0 0 52.0 0 1
[2023-05-28 14:42:23](230.0 20.0 230.0 50.0 20.0 5600 5600 48.0 47.0 46.0 57.0 57.0 2 60 06P 1 0 1 6 01 0 0 52.0 0 1
[2023-05-28 14:42:29](230.0 20.0 230.0 50.0 20.0 5600 5600 48.0 47.0 46.0 57.0 57.0 2 60 06P 1 0 1 6 01 0 0 52.0 0 1
[2023-05-28 14:42:30](230.0 20.0 230.0 50.0 20.0 5600 5600 48.0 47.0 46.0 57.0 57.0 2 60 06P 1 0 1 6 01 0 0 52.0 0 1
[2023-05-28 14:42:36](230.0 20.0 230.0 50.0 20.0 5600 5600 48.0 47.0 46.0 57.0 57.0 2 60 06P 1 0 1 6 01 0 0 52.0 0 1
[2023-05-28 14:42:37](230.0 20.0 230.0 50.0 20.0 5600 5600 48.0 47.0 46.0 57.0 57.0 2 60 06P 1 0 1 6 01 0 0 52.0 0 1
[2023-05-28 14:42:43](230.0 20.0 230.0 50.0 20.0 5600 5600 48.0 47.0 46.0 57.0 57.0 2 60 06P 1 0 1 6 01 0 0 52.0 0 1
[2023-05-28 14:42:44](230.0 20.0 230.0 50.0 20.0 5600 5600 48.0 47.0 46.0 57.0 57.0 2 60 06P 1 0 1 6 01 0 0 52.0 0 1
[2023-05-28 14:42:50](230.0 20.0 230.0 50.0 20.0 5600 5600 48.0 47.0 46.0 57.0 57.0 2 60 06P 1 0 1 6 01 0 0 52.0 0 1
[2023-05-28 14:42:51](230.0 20.0 230.0 50.0 20.0 5600 5600 48.0 47.0 46.0 57.0 57.0 2 60 06P 1 0 1 6 01 0 0 52.0 0 1
[2023-05-28 14:42:57](230.0 20.0 230.0 50.0 20.0 5600 5600 48.0 47.0 46.0 57.0 57.0 2 60 06P 1 0 1 6 01 0 0 52.0 0 1
[2023-05-28 14:42:58](230.0 20.0 230.0 50.0 20.0 5600 5600 48.0 47.0 46.0 57.0 57.0 2 60 06P 1 0 1 6 01 0 0 52.0 0 1
[2023-05-28 14:43:04](230.0 20.0 230.0 50.0 20.0 5600 5600 48.0 47.0 46.0 57.0 57.0 2 60 06P 1 0 1 6 01 0 0 52.0 0 1
[2023-05-28 14:43:05](230.0 20.0 230.0 50.0 20.0 5600 5600 48.0 47.0 46.0 57.0 57.0 2 60 06P 1 0 1 6 01 0 0 52.0 0 1
[2023-05-28 14:43:11](230.0 20.0 230.0 50.0 20.0 5600 5600 48.0 47.0 46.0 57.0 57.0 2 60 06P 1 0 1 6 01 0 0 52.0 0 1
